<?xml version="1.0" encoding="UTF-8"?>
<!-- Generated by org.testng.reporters.JUnitReportReporter -->
<testsuite hostname="LAPTOP-JKMG9J6B" failures="0" tests="1" name="testNG.AnnotationHierachyExamples" time="0.008" errors="0" timestamp="2020-12-21T10:23:45 EST" skipped="0">
  <testcase classname="testNG.AnnotationHierachyExamples" name="test" time="0.008"/>
  <system-out/>
</testsuite> <!-- testNG.AnnotationHierachyExamples -->
