<?xml version="1.0" encoding="UTF-8"?>
<!-- Generated by org.testng.reporters.JUnitReportReporter -->
<testsuite hostname="LAPTOP-JKMG9J6B" failures="0" tests="3" name="testNG.suiteExample" time="4.774" errors="0" timestamp="2020-12-18T11:49:06 EST" skipped="0">
  <testcase classname="testNG.suiteExample" name="openYahoo" time="2.881"/>
  <system-out/>
  <testcase classname="testNG.suiteExample" name="openBing" time="0.842"/>
  <system-out/>
  <testcase classname="testNG.suiteExample" name="openGoogle" time="1.051"/>
  <system-out/>
</testsuite> <!-- testNG.suiteExample -->
