<?xml version="1.0" encoding="UTF-8"?>
<!-- Generated by org.testng.reporters.JUnitReportReporter -->
<testsuite hostname="LAPTOP-JKMG9J6B" failures="0" tests="8" name="testNG.GroupingExamples" time="0.013" errors="0" timestamp="2020-12-18T11:49:06 EST" skipped="0">
  <testcase classname="testNG.GroupingExamples" name="lenova2" time="0.001"/>
  <system-out/>
  <testcase classname="testNG.GroupingExamples" name="apple1" time="0.005"/>
  <system-out/>
  <testcase classname="testNG.GroupingExamples" name="lenova1" time="0.001"/>
  <system-out/>
  <testcase classname="testNG.GroupingExamples" name="moto1" time="0.001"/>
  <system-out/>
  <testcase classname="testNG.GroupingExamples" name="moto2" time="0.002"/>
  <system-out/>
  <testcase classname="testNG.GroupingExamples" name="vivo1" time="0.001"/>
  <system-out/>
  <testcase classname="testNG.GroupingExamples" name="apple2" time="0.001"/>
  <system-out/>
  <testcase classname="testNG.GroupingExamples" name="vivo2" time="0.001"/>
  <system-out/>
</testsuite> <!-- testNG.GroupingExamples -->
