<?xml version="1.0" encoding="UTF-8"?>
<!-- Generated by org.testng.reporters.JUnitReportReporter -->
<testsuite hostname="LAPTOP-JKMG9J6B" failures="0" tests="4" name="testNG.SampleTestCase" time="0.003" errors="0" timestamp="2020-12-18T11:49:06 EST" skipped="1">
  <testcase classname="testNG.SampleTestCase" name="secondTestCases" time="0.001"/>
  <system-out/>
  <testcase classname="testNG.SampleTestCase" name="thirdTestCases" time="0.001"/>
  <system-out/>
  <testcase classname="testNG.SampleTestCase" name="fourthTestCases" time="0.001"/>
  <system-out/>
  <testcase classname="testNG.SampleTestCase" name="firstTestcase">
    <skipped/>
  </testcase> <!-- firstTestcase -->
  <system-out/>
</testsuite> <!-- testNG.SampleTestCase -->
