<?xml version="1.0" encoding="UTF-8"?>
<!-- Generated by org.testng.reporters.JUnitReportReporter -->
<testsuite hostname="LAPTOP-JKMG9J6B" failures="0" tests="1" name="testNG.ParameterExample" time="0.008" errors="0" timestamp="2020-12-19T11:13:55 EST" skipped="0">
  <testcase classname="testNG.ParameterExample" name="printname" time="0.008"/>
  <system-out/>
</testsuite> <!-- testNG.ParameterExample -->
