<?xml version="1.0" encoding="UTF-8"?>
<!-- Generated by org.testng.reporters.JUnitReportReporter -->
<testsuite hostname="LAPTOP-JKMG9J6B" failures="0" tests="2" name="testNG.ParallelTesting" time="11.186" errors="0" timestamp="2020-12-19T12:09:48 EST" skipped="0">
  <testcase classname="testNG.ParallelTesting" name="openBing" time="5.266"/>
  <system-out/>
  <testcase classname="testNG.ParallelTesting" name="openGoogle" time="5.920"/>
  <system-out/>
</testsuite> <!-- testNG.ParallelTesting -->
